# JRE version: OpenJDK Runtime Environment (8.0_152-b01) (build 1.8.0_152-release-915-b01)
# Java VM: OpenJDK 64-Bit Server VM (25.152-b01 mixed mode linux-amd64 compressed oops)
Heap:
 PSYoungGen      total 68608K, used 6769K [0x00000000e0000000, 0x00000000e4b00000, 0x0000000100000000)
  eden space 60416K, 0% used [0x00000000e0000000,0x00000000e0000000,0x00000000e3b00000)
  from space 8192K, 82% used [0x00000000e3b00000,0x00000000e419c468,0x00000000e4300000)
  to   space 8192K, 0% used [0x00000000e4300000,0x00000000e4300000,0x00000000e4b00000)
 ParOldGen       total 29184K, used 8387K [0x00000000a0000000, 0x00000000a1c80000, 0x00000000e0000000)
  object space 29184K, 28% used [0x00000000a0000000,0x00000000a0830e40,0x00000000a1c80000)
 Metaspace       used 25490K, capacity 25984K, committed 26240K, reserved 1071104K
  class space    used 3485K, capacity 3665K, committed 3712K, reserved 1048576K
GC Heap History (10 events):
Event: 7.476 GC heap after
Heap after GC invocations=5 (full 0):
 PSYoungGen      total 17920K, used 2528K [0x00000000e0000000, 0x00000000e2900000, 0x0000000100000000)
  eden space 15360K, 0% used [0x00000000e0000000,0x00000000e0000000,0x00000000e0f00000)
  from space 2560K, 98% used [0x00000000e0f00000,0x00000000e1178010,0x00000000e1180000)
  to   space 5632K, 0% used [0x00000000e2380000,0x00000000e2380000,0x00000000e2900000)
 ParOldGen       total 40960K, used 5116K [0x00000000a0000000, 0x00000000a2800000, 0x00000000e0000000)
  object space 40960K, 12% used [0x00000000a0000000,0x00000000a04ff190,0x00000000a2800000)
 Metaspace       used 12929K, capacity 13294K, committed 13568K, reserved 1060864K
  class space    used 1803K, capacity 1929K, committed 2048K, reserved 1048576K
}
Event: 7.812 GC heap before
{Heap before GC invocations=6 (full 0):
 PSYoungGen      total 17920K, used 17888K [0x00000000e0000000, 0x00000000e2900000, 0x0000000100000000)
  eden space 15360K, 100% used [0x00000000e0000000,0x00000000e0f00000,0x00000000e0f00000)
  from space 2560K, 98% used [0x00000000e0f00000,0x00000000e1178010,0x00000000e1180000)
  to   space 5632K, 0% used [0x00000000e2380000,0x00000000e2380000,0x00000000e2900000)
 ParOldGen       total 40960K, used 5116K [0x00000000a0000000, 0x00000000a2800000, 0x00000000e0000000)
  object space 40960K, 12% used [0x00000000a0000000,0x00000000a04ff190,0x00000000a2800000)
 Metaspace       used 14833K, capacity 15182K, committed 15360K, reserved 1062912K
  class space    used 2106K, capacity 2217K, committed 2304K, reserved 1048576K
Event: 7.821 GC heap after
Heap after GC invocations=6 (full 0):
 PSYoungGen      total 35840K, used 5090K [0x00000000e0000000, 0x00000000e2a00000, 0x0000000100000000)
  eden space 30208K, 0% used [0x00000000e0000000,0x00000000e0000000,0x00000000e1d80000)
  from space 5632K, 90% used [0x00000000e2380000,0x00000000e2878b28,0x00000000e2900000)
  to   space 6144K, 0% used [0x00000000e1d80000,0x00000000e1d80000,0x00000000e2380000)
 ParOldGen       total 40960K, used 5124K [0x00000000a0000000, 0x00000000a2800000, 0x00000000e0000000)
  object space 40960K, 12% used [0x00000000a0000000,0x00000000a0501190,0x00000000a2800000)
 Metaspace       used 14833K, capacity 15182K, committed 15360K, reserved 1062912K
  class space    used 2106K, capacity 2217K, committed 2304K, reserved 1048576K
}
Event: 9.010 GC heap before
{Heap before GC invocations=7 (full 0):
 PSYoungGen      total 35840K, used 35298K [0x00000000e0000000, 0x00000000e2a00000, 0x0000000100000000)
  eden space 30208K, 100% used [0x00000000e0000000,0x00000000e1d80000,0x00000000e1d80000)
  from space 5632K, 90% used [0x00000000e2380000,0x00000000e2878b28,0x00000000e2900000)
  to   space 6144K, 0% used [0x00000000e1d80000,0x00000000e1d80000,0x00000000e2380000)
 ParOldGen       total 40960K, used 5124K [0x00000000a0000000, 0x00000000a2800000, 0x00000000e0000000)
  object space 40960K, 12% used [0x00000000a0000000,0x00000000a0501190,0x00000000a2800000)
 Metaspace       used 20417K, capacity 20904K, committed 21248K, reserved 1067008K
  class space    used 2838K, capacity 3005K, committed 3072K, reserved 1048576K
Event: 9.040 GC heap after
Heap after GC invocations=7 (full 0):
 PSYoungGen      total 36352K, used 6126K [0x00000000e0000000, 0x00000000e4b00000, 0x0000000100000000)
  eden space 30208K, 0% used [0x00000000e0000000,0x00000000e0000000,0x00000000e1d80000)
  from space 6144K, 99% used [0x00000000e1d80000,0x00000000e237b938,0x00000000e2380000)
  to   space 8192K, 0% used [0x00000000e4300000,0x00000000e4300000,0x00000000e4b00000)
 ParOldGen       total 40960K, used 7358K [0x00000000a0000000, 0x00000000a2800000, 0x00000000e0000000)
  object space 40960K, 17% used [0x00000000a0000000,0x00000000a072f9b8,0x00000000a2800000)
 Metaspace       used 20417K, capacity 20904K, committed 21248K, reserved 1067008K
  class space    used 2838K, capacity 3005K, committed 3072K, reserved 1048576K
}
Event: 9.141 GC heap before
{Heap before GC invocations=8 (full 0):
 PSYoungGen      total 36352K, used 8082K [0x00000000e0000000, 0x00000000e4b00000, 0x0000000100000000)
  eden space 30208K, 6% used [0x00000000e0000000,0x00000000e01e9198,0x00000000e1d80000)
  from space 6144K, 99% used [0x00000000e1d80000,0x00000000e237b938,0x00000000e2380000)
  to   space 8192K, 0% used [0x00000000e4300000,0x00000000e4300000,0x00000000e4b00000)
 ParOldGen       total 40960K, used 7358K [0x00000000a0000000, 0x00000000a2800000, 0x00000000e0000000)
  object space 40960K, 17% used [0x00000000a0000000,0x00000000a072f9b8,0x00000000a2800000)
 Metaspace       used 20617K, capacity 21064K, committed 21248K, reserved 1067008K
  class space    used 2865K, capacity 3037K, committed 3072K, reserved 1048576K
Event: 9.162 GC heap after
Heap after GC invocations=8 (full 0):
 PSYoungGen      total 68608K, used 3412K [0x00000000e0000000, 0x00000000e4b00000, 0x0000000100000000)
  eden space 60416K, 0% used [0x00000000e0000000,0x00000000e0000000,0x00000000e3b00000)
  from space 8192K, 41% used [0x00000000e4300000,0x00000000e4655020,0x00000000e4b00000)
  to   space 8192K, 0% used [0x00000000e3b00000,0x00000000e3b00000,0x00000000e4300000)
 ParOldGen       total 40960K, used 8458K [0x00000000a0000000, 0x00000000a2800000, 0x00000000e0000000)
  object space 40960K, 20% used [0x00000000a0000000,0x00000000a0842a38,0x00000000a2800000)
 Metaspace       used 20617K, capacity 21064K, committed 21248K, reserved 1067008K
  class space    used 2865K, capacity 3037K, committed 3072K, reserved 1048576K
}
Event: 9.163 GC heap before
{Heap before GC invocations=9 (full 1):
 PSYoungGen      total 68608K, used 3412K [0x00000000e0000000, 0x00000000e4b00000, 0x0000000100000000)
  eden space 60416K, 0% used [0x00000000e0000000,0x00000000e0000000,0x00000000e3b00000)
  from space 8192K, 41% used [0x00000000e4300000,0x00000000e4655020,0x00000000e4b00000)
  to   space 8192K, 0% used [0x00000000e3b00000,0x00000000e3b00000,0x00000000e4300000)
 ParOldGen       total 40960K, used 8458K [0x00000000a0000000, 0x00000000a2800000, 0x00000000e0000000)
  object space 40960K, 20% used [0x00000000a0000000,0x00000000a0842a38,0x00000000a2800000)
 Metaspace       used 20617K, capacity 21064K, committed 21248K, reserved 1067008K
  class space    used 2865K, capacity 3037K, committed 3072K, reserved 1048576K
Event: 9.229 GC heap after
Heap after GC invocations=9 (full 1):
 PSYoungGen      total 68608K, used 0K [0x00000000e0000000, 0x00000000e4b00000, 0x0000000100000000)
  eden space 60416K, 0% used [0x00000000e0000000,0x00000000e0000000,0x00000000e3b00000)
  from space 8192K, 0% used [0x00000000e4300000,0x00000000e4300000,0x00000000e4b00000)
  to   space 8192K, 0% used [0x00000000e3b00000,0x00000000e3b00000,0x00000000e4300000)
 ParOldGen       total 29184K, used 8379K [0x00000000a0000000, 0x00000000a1c80000, 0x00000000e0000000)
  object space 29184K, 28% used [0x00000000a0000000,0x00000000a082ee40,0x00000000a1c80000)
 Metaspace       used 20617K, capacity 21064K, committed 21248K, reserved 1067008K
  class space    used 2865K, capacity 3037K, committed 3072K, reserved 1048576K
}
Event: 17.681 GC heap before
{Heap before GC invocations=10 (full 1):
 PSYoungGen      total 68608K, used 60416K [0x00000000e0000000, 0x00000000e4b00000, 0x0000000100000000)
  eden space 60416K, 100% used [0x00000000e0000000,0x00000000e3b00000,0x00000000e3b00000)
  from space 8192K, 0% used [0x00000000e4300000,0x00000000e4300000,0x00000000e4b00000)
  to   space 8192K, 0% used [0x00000000e3b00000,0x00000000e3b00000,0x00000000e4300000)
 ParOldGen       total 29184K, used 8379K [0x00000000a0000000, 0x00000000a1c80000, 0x00000000e0000000)
  object space 29184K, 28% used [0x00000000a0000000,0x00000000a082ee40,0x00000000a1c80000)
 Metaspace       used 25490K, capacity 25984K, committed 26240K, reserved 1071104K
  class space    used 3485K, capacity 3665K, committed 3712K, reserved 1048576K

